<?xml version="1.0" encoding="UTF-8"?>
<!-- Generated by org.testng.reporters.JUnitReportReporter -->
<testsuite skipped="0" hostname="DE772S4Y2" name="SendMsg" tests="1" failures="0" timestamp="2022-09-11T21:47:25 IST" time="7.429" errors="0">
  <testcase name="Tc_01" time="7.429" classname="SendMsg"/>
  <system-out/>
</testsuite> <!-- SendMsg -->
